{
  "RSpec": {
    "coverage": {
      "/Users/bryan/Desktop/weconnect-ruby/WeConnect/app/models/user.rb": [
        null,
        null,
        1,
        1,
        1,
        null,
        null,
        1,
        null,
        null,
        1,
        1,
        null
      ],
      "/Users/bryan/Desktop/weconnect-ruby/WeConnect/app/models/application_record.rb": [
        null,
        null,
        1,
        1,
        null
      ],
      "/Users/bryan/Desktop/weconnect-ruby/WeConnect/app/helpers/application_helper.rb": [
        null,
        null,
        1,
        1,
        0,
        null,
        null,
        1,
        0,
        null,
        null,
        1,
        0,
        null,
        null,
        1,
        0,
        null,
        0,
        null,
        0,
        null,
        0,
        null,
        0,
        null,
        null,
        null
      ],
      "/Users/bryan/Desktop/weconnect-ruby/WeConnect/app/helpers/businesses_helper.rb": [
        null,
        null,
        1,
        1,
        2,
        null,
        null
      ],
      "/Users/bryan/Desktop/weconnect-ruby/WeConnect/app/helpers/devise_helper.rb": [
        null,
        null,
        1,
        null,
        null,
        null,
        null,
        null,
        null,
        1,
        0,
        null,
        0,
        null,
        null
      ],
      "/Users/bryan/Desktop/weconnect-ruby/WeConnect/app/helpers/home_helper.rb": [
        null,
        null,
        1,
        null
      ],
      "/Users/bryan/Desktop/weconnect-ruby/WeConnect/app/helpers/reviews_helper.rb": [
        null,
        null,
        1,
        null
      ],
      "/Users/bryan/Desktop/weconnect-ruby/WeConnect/app/controllers/businesses_controller.rb": [
        null,
        null,
        null,
        1,
        1,
        1,
        null,
        1,
        1,
        null,
        null,
        1,
        1,
        null,
        null,
        1,
        1,
        1,
        1,
        null,
        null,
        1,
        1,
        1,
        1,
        1,
        1,
        1,
        null,
        0,
        null,
        null,
        0,
        null,
        null,
        null,
        1,
        0,
        0,
        null,
        null,
        1,
        0,
        0,
        0,
        0,
        0,
        null,
        null,
        1,
        2,
        2,
        2,
        2,
        null,
        null,
        1,
        2,
        2,
        2,
        1,
        1,
        null,
        1,
        1,
        null,
        null,
        null,
        1,
        3,
        3,
        2,
        1,
        1,
        1,
        null,
        1,
        null,
        null,
        1,
        null,
        null,
        null,
        1,
        3,
        null,
        null,
        null,
        null,
        1,
        4,
        null,
        null
      ],
      "/Users/bryan/Desktop/weconnect-ruby/WeConnect/app/controllers/application_controller.rb": [
        null,
        null,
        1,
        1,
        null,
        1,
        null,
        1,
        0,
        null,
        null,
        null,
        0,
        null,
        null,
        null
      ],
      "/Users/bryan/Desktop/weconnect-ruby/WeConnect/app/controllers/concerns/businesses_controller_concern.rb": [
        null,
        null,
        null,
        1,
        1,
        0,
        null,
        null,
        0,
        null,
        0,
        0,
        null,
        0,
        null,
        0,
        null,
        null,
        1,
        0,
        null,
        null,
        null,
        null,
        null,
        null,
        1,
        0,
        null,
        null,
        null,
        null,
        null,
        null,
        1,
        0,
        null,
        null,
        null,
        null,
        null,
        null,
        null,
        1,
        0,
        null,
        null,
        null,
        null,
        null
      ],
      "/Users/bryan/Desktop/weconnect-ruby/WeConnect/app/models/business.rb": [
        null,
        null,
        null,
        1,
        1,
        1,
        1,
        1,
        1,
        1,
        null,
        1,
        null,
        null,
        1,
        1,
        null,
        null,
        null,
        null,
        null,
        null,
        null,
        null
      ],
      "/Users/bryan/Desktop/weconnect-ruby/WeConnect/app/models/review.rb": [
        null,
        null,
        1,
        1,
        1,
        null,
        1,
        null,
        null
      ],
      "/Users/bryan/Desktop/weconnect-ruby/WeConnect/app/models/category.rb": [
        null,
        null,
        1,
        1,
        null
      ],
      "/Users/bryan/Desktop/weconnect-ruby/WeConnect/app/mailers/application_mailer.rb": [
        null,
        null,
        0,
        0,
        0,
        0
      ],
      "/Users/bryan/Desktop/weconnect-ruby/WeConnect/app/jobs/application_job.rb": [
        null,
        null,
        0,
        0
      ],
      "/Users/bryan/Desktop/weconnect-ruby/WeConnect/app/controllers/home_controller.rb": [
        null,
        null,
        null,
        0,
        0,
        0,
        0,
        0,
        null,
        0,
        0,
        0,
        0,
        null,
        0,
        0,
        0,
        0,
        0,
        0,
        0,
        0,
        0,
        null,
        0,
        0,
        0,
        0
      ],
      "/Users/bryan/Desktop/weconnect-ruby/WeConnect/app/controllers/reviews_controller.rb": [
        null,
        null,
        0,
        0,
        0,
        0,
        0,
        0,
        0,
        0,
        0,
        0,
        0,
        0,
        0,
        null,
        0,
        0,
        0,
        0
      ],
      "/Users/bryan/Desktop/weconnect-ruby/WeConnect/app/channels/application_cable/connection.rb": [
        null,
        null,
        0,
        0,
        0,
        0
      ],
      "/Users/bryan/Desktop/weconnect-ruby/WeConnect/app/channels/application_cable/channel.rb": [
        null,
        null,
        0,
        0,
        0,
        0
      ]
    },
    "timestamp": 1543589932
  }
}
